Currently using GPU: 0
Creating dataset: SOPClass
create labels..
Creating model: mobilenet
file name: siam_MobileNetV3_SOPClass_64_50_triplet_all_triplet_0.0001_512
>> Epoch 1/50
loss: 0.007
>> Epoch 2/50
loss: 0.006
>> Epoch 3/50
loss: 0.006
>> Epoch 4/50
loss: 0.006
>> Epoch 5/50
loss: 0.006
>> Epoch 6/50
loss: 0.006
>> Epoch 7/50
loss: 0.006
>> Epoch 8/50
loss: 0.006
>> Epoch 9/50
loss: 0.006
>> Epoch 10/50
loss: 0.006
>> Epoch 11/50
loss: 0.006
>> Epoch 12/50
loss: 0.006
>> Epoch 13/50
loss: 0.006
>> Epoch 14/50
loss: 0.006
>> Epoch 15/50
loss: 0.006
>> Epoch 16/50
loss: 0.006
>> Epoch 17/50
loss: 0.006
>> Epoch 18/50
loss: 0.006
>> Epoch 19/50
loss: 0.006
>> Epoch 20/50
loss: 0.006
>> Epoch 21/50
loss: 0.006
>> Epoch 22/50
loss: 0.006
>> Epoch 23/50
loss: 0.006
>> Epoch 24/50
loss: 0.006
>> Epoch 25/50
loss: 0.006
>> Epoch 26/50
loss: 0.006
>> Epoch 27/50
loss: 0.006
>> Epoch 28/50
loss: 0.006
>> Epoch 29/50
loss: 0.006
>> Epoch 30/50
loss: 0.006
>> Epoch 31/50
loss: 0.006
>> Epoch 32/50
loss: 0.006
>> Epoch 33/50
loss: 0.006
>> Epoch 34/50
loss: 0.006
>> Epoch 35/50
loss: 0.006
>> Epoch 36/50
loss: 0.006
>> Epoch 37/50
loss: 0.006
>> Epoch 38/50
loss: 0.006
>> Epoch 39/50
loss: 0.006
>> Epoch 40/50
loss: 0.006
>> Epoch 41/50
loss: 0.006
>> Epoch 42/50
loss: 0.006
>> Epoch 43/50
loss: 0.006
>> Epoch 44/50
loss: 0.006
>> Epoch 45/50
loss: 0.006
>> Epoch 46/50
loss: 0.006
>> Epoch 47/50
loss: 0.006
>> Epoch 48/50
loss: 0.006
>> Epoch 49/50
loss: 0.006
>> Epoch 50/50
loss: 0.006
siam_MobileNetV3_SOPClass_64_50_triplet_all_triplet_0.0001_512  saved.
siam_emb_MobileNetV3_SOPClass_64_50_triplet_all_triplet_0.0001_512  saved.
Finished. Total elapsed time (h:m:s): 3:49:53
