Currently using GPU: 0
Creating dataset: SOPClass
create labels..
Creating model: mobilenet
MobileNet(
  (base_model): MobileNetV3(
    (features): Sequential(
      (0): ConvBNActivation(
        (0): Conv2d(3, 16, kernel_size=(3, 3), stride=(2, 2), padding=(1, 1), bias=False)
        (1): BatchNorm2d(16, eps=0.001, momentum=0.01, affine=True, track_running_stats=True)
        (2): Hardswish()
      )
      (1): InvertedResidual(
        (block): Sequential(
          (0): ConvBNActivation(
            (0): Conv2d(16, 16, kernel_size=(3, 3), stride=(1, 1), padding=(1, 1), groups=16, bias=False)
            (1): BatchNorm2d(16, eps=0.001, momentum=0.01, affine=True, track_running_stats=True)
            (2): ReLU(inplace=True)
          )
          (1): ConvBNActivation(
            (0): Conv2d(16, 16, kernel_size=(1, 1), stride=(1, 1), bias=False)
            (1): BatchNorm2d(16, eps=0.001, momentum=0.01, affine=True, track_running_stats=True)
            (2): Identity()
          )
        )
      )
      (2): InvertedResidual(
        (block): Sequential(
          (0): ConvBNActivation(
            (0): Conv2d(16, 64, kernel_size=(1, 1), stride=(1, 1), bias=False)
            (1): BatchNorm2d(64, eps=0.001, momentum=0.01, affine=True, track_running_stats=True)
            (2): ReLU(inplace=True)
          )
          (1): ConvBNActivation(
            (0): Conv2d(64, 64, kernel_size=(3, 3), stride=(2, 2), padding=(1, 1), groups=64, bias=False)
            (1): BatchNorm2d(64, eps=0.001, momentum=0.01, affine=True, track_running_stats=True)
            (2): ReLU(inplace=True)
          )
          (2): ConvBNActivation(
            (0): Conv2d(64, 24, kernel_size=(1, 1), stride=(1, 1), bias=False)
            (1): BatchNorm2d(24, eps=0.001, momentum=0.01, affine=True, track_running_stats=True)
            (2): Identity()
          )
        )
      )
      (3): InvertedResidual(
        (block): Sequential(
          (0): ConvBNActivation(
            (0): Conv2d(24, 72, kernel_size=(1, 1), stride=(1, 1), bias=False)
            (1): BatchNorm2d(72, eps=0.001, momentum=0.01, affine=True, track_running_stats=True)
            (2): ReLU(inplace=True)
          )
          (1): ConvBNActivation(
            (0): Conv2d(72, 72, kernel_size=(3, 3), stride=(1, 1), padding=(1, 1), groups=72, bias=False)
            (1): BatchNorm2d(72, eps=0.001, momentum=0.01, affine=True, track_running_stats=True)
            (2): ReLU(inplace=True)
          )
          (2): ConvBNActivation(
            (0): Conv2d(72, 24, kernel_size=(1, 1), stride=(1, 1), bias=False)
            (1): BatchNorm2d(24, eps=0.001, momentum=0.01, affine=True, track_running_stats=True)
            (2): Identity()
          )
        )
      )
      (4): InvertedResidual(
        (block): Sequential(
          (0): ConvBNActivation(
            (0): Conv2d(24, 72, kernel_size=(1, 1), stride=(1, 1), bias=False)
            (1): BatchNorm2d(72, eps=0.001, momentum=0.01, affine=True, track_running_stats=True)
            (2): ReLU(inplace=True)
          )
          (1): ConvBNActivation(
            (0): Conv2d(72, 72, kernel_size=(5, 5), stride=(2, 2), padding=(2, 2), groups=72, bias=False)
            (1): BatchNorm2d(72, eps=0.001, momentum=0.01, affine=True, track_running_stats=True)
            (2): ReLU(inplace=True)
          )
          (2): SqueezeExcitation(
            (fc1): Conv2d(72, 24, kernel_size=(1, 1), stride=(1, 1))
            (relu): ReLU(inplace=True)
            (fc2): Conv2d(24, 72, kernel_size=(1, 1), stride=(1, 1))
          )
          (3): ConvBNActivation(
            (0): Conv2d(72, 40, kernel_size=(1, 1), stride=(1, 1), bias=False)
            (1): BatchNorm2d(40, eps=0.001, momentum=0.01, affine=True, track_running_stats=True)
            (2): Identity()
          )
        )
      )
      (5): InvertedResidual(
        (block): Sequential(
          (0): ConvBNActivation(
            (0): Conv2d(40, 120, kernel_size=(1, 1), stride=(1, 1), bias=False)
            (1): BatchNorm2d(120, eps=0.001, momentum=0.01, affine=True, track_running_stats=True)
            (2): ReLU(inplace=True)
          )
          (1): ConvBNActivation(
            (0): Conv2d(120, 120, kernel_size=(5, 5), stride=(1, 1), padding=(2, 2), groups=120, bias=False)
            (1): BatchNorm2d(120, eps=0.001, momentum=0.01, affine=True, track_running_stats=True)
            (2): ReLU(inplace=True)
          )
          (2): SqueezeExcitation(
            (fc1): Conv2d(120, 32, kernel_size=(1, 1), stride=(1, 1))
            (relu): ReLU(inplace=True)
            (fc2): Conv2d(32, 120, kernel_size=(1, 1), stride=(1, 1))
          )
          (3): ConvBNActivation(
            (0): Conv2d(120, 40, kernel_size=(1, 1), stride=(1, 1), bias=False)
            (1): BatchNorm2d(40, eps=0.001, momentum=0.01, affine=True, track_running_stats=True)
            (2): Identity()
          )
        )
      )
      (6): InvertedResidual(
        (block): Sequential(
          (0): ConvBNActivation(
            (0): Conv2d(40, 120, kernel_size=(1, 1), stride=(1, 1), bias=False)
            (1): BatchNorm2d(120, eps=0.001, momentum=0.01, affine=True, track_running_stats=True)
            (2): ReLU(inplace=True)
          )
          (1): ConvBNActivation(
            (0): Conv2d(120, 120, kernel_size=(5, 5), stride=(1, 1), padding=(2, 2), groups=120, bias=False)
            (1): BatchNorm2d(120, eps=0.001, momentum=0.01, affine=True, track_running_stats=True)
            (2): ReLU(inplace=True)
          )
          (2): SqueezeExcitation(
            (fc1): Conv2d(120, 32, kernel_size=(1, 1), stride=(1, 1))
            (relu): ReLU(inplace=True)
            (fc2): Conv2d(32, 120, kernel_size=(1, 1), stride=(1, 1))
          )
          (3): ConvBNActivation(
            (0): Conv2d(120, 40, kernel_size=(1, 1), stride=(1, 1), bias=False)
            (1): BatchNorm2d(40, eps=0.001, momentum=0.01, affine=True, track_running_stats=True)
            (2): Identity()
          )
        )
      )
      (7): InvertedResidual(
        (block): Sequential(
          (0): ConvBNActivation(
            (0): Conv2d(40, 240, kernel_size=(1, 1), stride=(1, 1), bias=False)
            (1): BatchNorm2d(240, eps=0.001, momentum=0.01, affine=True, track_running_stats=True)
            (2): Hardswish()
          )
          (1): ConvBNActivation(
            (0): Conv2d(240, 240, kernel_size=(3, 3), stride=(2, 2), padding=(1, 1), groups=240, bias=False)
            (1): BatchNorm2d(240, eps=0.001, momentum=0.01, affine=True, track_running_stats=True)
            (2): Hardswish()
          )
          (2): ConvBNActivation(
            (0): Conv2d(240, 80, kernel_size=(1, 1), stride=(1, 1), bias=False)
            (1): BatchNorm2d(80, eps=0.001, momentum=0.01, affine=True, track_running_stats=True)
            (2): Identity()
          )
        )
      )
      (8): InvertedResidual(
        (block): Sequential(
          (0): ConvBNActivation(
            (0): Conv2d(80, 200, kernel_size=(1, 1), stride=(1, 1), bias=False)
            (1): BatchNorm2d(200, eps=0.001, momentum=0.01, affine=True, track_running_stats=True)
            (2): Hardswish()
          )
          (1): ConvBNActivation(
            (0): Conv2d(200, 200, kernel_size=(3, 3), stride=(1, 1), padding=(1, 1), groups=200, bias=False)
            (1): BatchNorm2d(200, eps=0.001, momentum=0.01, affine=True, track_running_stats=True)
            (2): Hardswish()
          )
          (2): ConvBNActivation(
            (0): Conv2d(200, 80, kernel_size=(1, 1), stride=(1, 1), bias=False)
            (1): BatchNorm2d(80, eps=0.001, momentum=0.01, affine=True, track_running_stats=True)
            (2): Identity()
          )
        )
      )
      (9): InvertedResidual(
        (block): Sequential(
          (0): ConvBNActivation(
            (0): Conv2d(80, 184, kernel_size=(1, 1), stride=(1, 1), bias=False)
            (1): BatchNorm2d(184, eps=0.001, momentum=0.01, affine=True, track_running_stats=True)
            (2): Hardswish()
          )
          (1): ConvBNActivation(
            (0): Conv2d(184, 184, kernel_size=(3, 3), stride=(1, 1), padding=(1, 1), groups=184, bias=False)
            (1): BatchNorm2d(184, eps=0.001, momentum=0.01, affine=True, track_running_stats=True)
            (2): Hardswish()
          )
          (2): ConvBNActivation(
            (0): Conv2d(184, 80, kernel_size=(1, 1), stride=(1, 1), bias=False)
            (1): BatchNorm2d(80, eps=0.001, momentum=0.01, affine=True, track_running_stats=True)
            (2): Identity()
          )
        )
      )
      (10): InvertedResidual(
        (block): Sequential(
          (0): ConvBNActivation(
            (0): Conv2d(80, 184, kernel_size=(1, 1), stride=(1, 1), bias=False)
            (1): BatchNorm2d(184, eps=0.001, momentum=0.01, affine=True, track_running_stats=True)
            (2): Hardswish()
          )
          (1): ConvBNActivation(
            (0): Conv2d(184, 184, kernel_size=(3, 3), stride=(1, 1), padding=(1, 1), groups=184, bias=False)
            (1): BatchNorm2d(184, eps=0.001, momentum=0.01, affine=True, track_running_stats=True)
            (2): Hardswish()
          )
          (2): ConvBNActivation(
            (0): Conv2d(184, 80, kernel_size=(1, 1), stride=(1, 1), bias=False)
            (1): BatchNorm2d(80, eps=0.001, momentum=0.01, affine=True, track_running_stats=True)
            (2): Identity()
          )
        )
      )
      (11): InvertedResidual(
        (block): Sequential(
          (0): ConvBNActivation(
            (0): Conv2d(80, 480, kernel_size=(1, 1), stride=(1, 1), bias=False)
            (1): BatchNorm2d(480, eps=0.001, momentum=0.01, affine=True, track_running_stats=True)
            (2): Hardswish()
          )
          (1): ConvBNActivation(
            (0): Conv2d(480, 480, kernel_size=(3, 3), stride=(1, 1), padding=(1, 1), groups=480, bias=False)
            (1): BatchNorm2d(480, eps=0.001, momentum=0.01, affine=True, track_running_stats=True)
            (2): Hardswish()
          )
          (2): SqueezeExcitation(
            (fc1): Conv2d(480, 120, kernel_size=(1, 1), stride=(1, 1))
            (relu): ReLU(inplace=True)
            (fc2): Conv2d(120, 480, kernel_size=(1, 1), stride=(1, 1))
          )
          (3): ConvBNActivation(
            (0): Conv2d(480, 112, kernel_size=(1, 1), stride=(1, 1), bias=False)
            (1): BatchNorm2d(112, eps=0.001, momentum=0.01, affine=True, track_running_stats=True)
            (2): Identity()
          )
        )
      )
      (12): InvertedResidual(
        (block): Sequential(
          (0): ConvBNActivation(
            (0): Conv2d(112, 672, kernel_size=(1, 1), stride=(1, 1), bias=False)
            (1): BatchNorm2d(672, eps=0.001, momentum=0.01, affine=True, track_running_stats=True)
            (2): Hardswish()
          )
          (1): ConvBNActivation(
            (0): Conv2d(672, 672, kernel_size=(3, 3), stride=(1, 1), padding=(1, 1), groups=672, bias=False)
            (1): BatchNorm2d(672, eps=0.001, momentum=0.01, affine=True, track_running_stats=True)
            (2): Hardswish()
          )
          (2): SqueezeExcitation(
            (fc1): Conv2d(672, 168, kernel_size=(1, 1), stride=(1, 1))
            (relu): ReLU(inplace=True)
            (fc2): Conv2d(168, 672, kernel_size=(1, 1), stride=(1, 1))
          )
          (3): ConvBNActivation(
            (0): Conv2d(672, 112, kernel_size=(1, 1), stride=(1, 1), bias=False)
            (1): BatchNorm2d(112, eps=0.001, momentum=0.01, affine=True, track_running_stats=True)
            (2): Identity()
          )
        )
      )
      (13): InvertedResidual(
        (block): Sequential(
          (0): ConvBNActivation(
            (0): Conv2d(112, 672, kernel_size=(1, 1), stride=(1, 1), bias=False)
            (1): BatchNorm2d(672, eps=0.001, momentum=0.01, affine=True, track_running_stats=True)
            (2): Hardswish()
          )
          (1): ConvBNActivation(
            (0): Conv2d(672, 672, kernel_size=(5, 5), stride=(2, 2), padding=(2, 2), groups=672, bias=False)
            (1): BatchNorm2d(672, eps=0.001, momentum=0.01, affine=True, track_running_stats=True)
            (2): Hardswish()
          )
          (2): SqueezeExcitation(
            (fc1): Conv2d(672, 168, kernel_size=(1, 1), stride=(1, 1))
            (relu): ReLU(inplace=True)
            (fc2): Conv2d(168, 672, kernel_size=(1, 1), stride=(1, 1))
          )
          (3): ConvBNActivation(
            (0): Conv2d(672, 160, kernel_size=(1, 1), stride=(1, 1), bias=False)
            (1): BatchNorm2d(160, eps=0.001, momentum=0.01, affine=True, track_running_stats=True)
            (2): Identity()
          )
        )
      )
      (14): InvertedResidual(
        (block): Sequential(
          (0): ConvBNActivation(
            (0): Conv2d(160, 960, kernel_size=(1, 1), stride=(1, 1), bias=False)
            (1): BatchNorm2d(960, eps=0.001, momentum=0.01, affine=True, track_running_stats=True)
            (2): Hardswish()
          )
          (1): ConvBNActivation(
            (0): Conv2d(960, 960, kernel_size=(5, 5), stride=(1, 1), padding=(2, 2), groups=960, bias=False)
            (1): BatchNorm2d(960, eps=0.001, momentum=0.01, affine=True, track_running_stats=True)
            (2): Hardswish()
          )
          (2): SqueezeExcitation(
            (fc1): Conv2d(960, 240, kernel_size=(1, 1), stride=(1, 1))
            (relu): ReLU(inplace=True)
            (fc2): Conv2d(240, 960, kernel_size=(1, 1), stride=(1, 1))
          )
          (3): ConvBNActivation(
            (0): Conv2d(960, 160, kernel_size=(1, 1), stride=(1, 1), bias=False)
            (1): BatchNorm2d(160, eps=0.001, momentum=0.01, affine=True, track_running_stats=True)
            (2): Identity()
          )
        )
      )
      (15): InvertedResidual(
        (block): Sequential(
          (0): ConvBNActivation(
            (0): Conv2d(160, 960, kernel_size=(1, 1), stride=(1, 1), bias=False)
            (1): BatchNorm2d(960, eps=0.001, momentum=0.01, affine=True, track_running_stats=True)
            (2): Hardswish()
          )
          (1): ConvBNActivation(
            (0): Conv2d(960, 960, kernel_size=(5, 5), stride=(1, 1), padding=(2, 2), groups=960, bias=False)
            (1): BatchNorm2d(960, eps=0.001, momentum=0.01, affine=True, track_running_stats=True)
            (2): Hardswish()
          )
          (2): SqueezeExcitation(
            (fc1): Conv2d(960, 240, kernel_size=(1, 1), stride=(1, 1))
            (relu): ReLU(inplace=True)
            (fc2): Conv2d(240, 960, kernel_size=(1, 1), stride=(1, 1))
          )
          (3): ConvBNActivation(
            (0): Conv2d(960, 160, kernel_size=(1, 1), stride=(1, 1), bias=False)
            (1): BatchNorm2d(160, eps=0.001, momentum=0.01, affine=True, track_running_stats=True)
            (2): Identity()
          )
        )
      )
      (16): ConvBNActivation(
        (0): Conv2d(160, 960, kernel_size=(1, 1), stride=(1, 1), bias=False)
        (1): BatchNorm2d(960, eps=0.001, momentum=0.01, affine=True, track_running_stats=True)
        (2): Hardswish()
      )
    )
    (avgpool): AdaptiveAvgPool2d(output_size=1)
    (classifier): Sequential(
      (0): Linear(in_features=960, out_features=1280, bias=True)
      (1): Hardswish()
      (2): Dropout(p=0.2, inplace=True)
      (3): Linear(in_features=1280, out_features=12, bias=True)
    )
  )
)
Linear(in_features=1280, out_features=512, bias=True)
file name: mg_catsiam_MobileNetV3_SOPClass_80_50_triplet_all_triplet_0.0001_512
>> Epoch 1/50
acc: 65.148/65.148 loss: 0.921
>> Epoch 2/50
acc: 73.853/73.853 loss: 0.589
>> Epoch 3/50
acc: 76.766/76.766 loss: 0.503
>> Epoch 4/50
acc: 78.491/78.491 loss: 0.448
>> Epoch 5/50
acc: 80.173/80.173 loss: 0.399
>> Epoch 6/50
acc: 81.253/81.253 loss: 0.376
>> Epoch 7/50
acc: 82.341/82.341 loss: 0.343
>> Epoch 8/50
acc: 83.302/83.302 loss: 0.322
>> Epoch 9/50
acc: 84.130/84.130 loss: 0.303
>> Epoch 10/50
acc: 85.009/85.009 loss: 0.282
>> Epoch 11/50
acc: 85.619/85.619 loss: 0.273
>> Epoch 12/50
acc: 86.255/86.255 loss: 0.265
>> Epoch 13/50
acc: 86.783/86.783 loss: 0.247
>> Epoch 14/50
acc: 87.246/87.246 loss: 0.239
>> Epoch 15/50
acc: 87.407/87.407 loss: 0.235
>> Epoch 16/50
acc: 88.141/88.141 loss: 0.222
>> Epoch 17/50
acc: 88.533/88.533 loss: 0.212
>> Epoch 18/50
acc: 88.972/88.972 loss: 0.206
>> Epoch 19/50
acc: 89.020/89.020 loss: 0.207
>> Epoch 20/50
acc: 89.523/89.523 loss: 0.195
>> Epoch 21/50
acc: 90.863/90.863 loss: 0.172
>> Epoch 22/50
acc: 91.149/91.149 loss: 0.165
>> Epoch 23/50
acc: 91.315/91.315 loss: 0.164
>> Epoch 24/50
acc: 91.710/91.710 loss: 0.152
>> Epoch 25/50
acc: 91.829/91.829 loss: 0.151
>> Epoch 26/50
acc: 91.812/91.829 loss: 0.150
>> Epoch 27/50
acc: 92.020/92.020 loss: 0.150
>> Epoch 28/50
acc: 91.928/92.020 loss: 0.151
>> Epoch 29/50
acc: 92.314/92.314 loss: 0.142
>> Epoch 30/50
acc: 92.598/92.598 loss: 0.141
>> Epoch 31/50
acc: 92.482/92.598 loss: 0.141
>> Epoch 32/50
acc: 92.516/92.598 loss: 0.138
>> Epoch 33/50
acc: 92.764/92.764 loss: 0.135
>> Epoch 34/50
acc: 92.816/92.816 loss: 0.136
>> Epoch 35/50
acc: 93.006/93.006 loss: 0.131
>> Epoch 36/50
acc: 92.798/93.006 loss: 0.134
>> Epoch 37/50
acc: 92.966/93.006 loss: 0.132
>> Epoch 38/50
acc: 92.914/93.006 loss: 0.131
>> Epoch 39/50
acc: 93.194/93.194 loss: 0.126
>> Epoch 40/50
acc: 93.286/93.286 loss: 0.123
>> Epoch 41/50
acc: 93.570/93.570 loss: 0.120
>> Epoch 42/50
acc: 94.148/94.148 loss: 0.111
>> Epoch 43/50
acc: 94.040/94.148 loss: 0.111
>> Epoch 44/50
acc: 94.158/94.158 loss: 0.109
>> Epoch 45/50
acc: 94.124/94.158 loss: 0.109
>> Epoch 46/50
acc: 94.346/94.346 loss: 0.104
>> Epoch 47/50
acc: 94.234/94.346 loss: 0.108
>> Epoch 48/50
acc: 94.354/94.354 loss: 0.106
>> Epoch 49/50
acc: 94.301/94.354 loss: 0.107
>> Epoch 50/50
acc: 94.412/94.412 loss: 0.104
mg_catsiam_MobileNetV3_SOPClass_80_50_triplet_all_triplet_0.0001_512  saved.
mg_catsiam_emb_MobileNetV3_SOPClass_80_50_triplet_all_triplet_0.0001_512  saved.
== Validation ==

Accuracy (%): 94.41151428222656	 Error rate (%): 5.5884857177734375
Finished. Total elapsed time (h:m:s): 3:53:47
