Currently using GPU: 0
Creating dataset: custShopClass
Creating model: mobilenet
MobileNet(
  (base_model): MobileNetV3(
    (features): Sequential(
      (0): ConvBNActivation(
        (0): Conv2d(3, 16, kernel_size=(3, 3), stride=(2, 2), padding=(1, 1), bias=False)
        (1): BatchNorm2d(16, eps=0.001, momentum=0.01, affine=True, track_running_stats=True)
        (2): Hardswish()
      )
      (1): InvertedResidual(
        (block): Sequential(
          (0): ConvBNActivation(
            (0): Conv2d(16, 16, kernel_size=(3, 3), stride=(1, 1), padding=(1, 1), groups=16, bias=False)
            (1): BatchNorm2d(16, eps=0.001, momentum=0.01, affine=True, track_running_stats=True)
            (2): ReLU(inplace=True)
          )
          (1): ConvBNActivation(
            (0): Conv2d(16, 16, kernel_size=(1, 1), stride=(1, 1), bias=False)
            (1): BatchNorm2d(16, eps=0.001, momentum=0.01, affine=True, track_running_stats=True)
            (2): Identity()
          )
        )
      )
      (2): InvertedResidual(
        (block): Sequential(
          (0): ConvBNActivation(
            (0): Conv2d(16, 64, kernel_size=(1, 1), stride=(1, 1), bias=False)
            (1): BatchNorm2d(64, eps=0.001, momentum=0.01, affine=True, track_running_stats=True)
            (2): ReLU(inplace=True)
          )
          (1): ConvBNActivation(
            (0): Conv2d(64, 64, kernel_size=(3, 3), stride=(2, 2), padding=(1, 1), groups=64, bias=False)
            (1): BatchNorm2d(64, eps=0.001, momentum=0.01, affine=True, track_running_stats=True)
            (2): ReLU(inplace=True)
          )
          (2): ConvBNActivation(
            (0): Conv2d(64, 24, kernel_size=(1, 1), stride=(1, 1), bias=False)
            (1): BatchNorm2d(24, eps=0.001, momentum=0.01, affine=True, track_running_stats=True)
            (2): Identity()
          )
        )
      )
      (3): InvertedResidual(
        (block): Sequential(
          (0): ConvBNActivation(
            (0): Conv2d(24, 72, kernel_size=(1, 1), stride=(1, 1), bias=False)
            (1): BatchNorm2d(72, eps=0.001, momentum=0.01, affine=True, track_running_stats=True)
            (2): ReLU(inplace=True)
          )
          (1): ConvBNActivation(
            (0): Conv2d(72, 72, kernel_size=(3, 3), stride=(1, 1), padding=(1, 1), groups=72, bias=False)
            (1): BatchNorm2d(72, eps=0.001, momentum=0.01, affine=True, track_running_stats=True)
            (2): ReLU(inplace=True)
          )
          (2): ConvBNActivation(
            (0): Conv2d(72, 24, kernel_size=(1, 1), stride=(1, 1), bias=False)
            (1): BatchNorm2d(24, eps=0.001, momentum=0.01, affine=True, track_running_stats=True)
            (2): Identity()
          )
        )
      )
      (4): InvertedResidual(
        (block): Sequential(
          (0): ConvBNActivation(
            (0): Conv2d(24, 72, kernel_size=(1, 1), stride=(1, 1), bias=False)
            (1): BatchNorm2d(72, eps=0.001, momentum=0.01, affine=True, track_running_stats=True)
            (2): ReLU(inplace=True)
          )
          (1): ConvBNActivation(
            (0): Conv2d(72, 72, kernel_size=(5, 5), stride=(2, 2), padding=(2, 2), groups=72, bias=False)
            (1): BatchNorm2d(72, eps=0.001, momentum=0.01, affine=True, track_running_stats=True)
            (2): ReLU(inplace=True)
          )
          (2): SqueezeExcitation(
            (fc1): Conv2d(72, 24, kernel_size=(1, 1), stride=(1, 1))
            (relu): ReLU(inplace=True)
            (fc2): Conv2d(24, 72, kernel_size=(1, 1), stride=(1, 1))
          )
          (3): ConvBNActivation(
            (0): Conv2d(72, 40, kernel_size=(1, 1), stride=(1, 1), bias=False)
            (1): BatchNorm2d(40, eps=0.001, momentum=0.01, affine=True, track_running_stats=True)
            (2): Identity()
          )
        )
      )
      (5): InvertedResidual(
        (block): Sequential(
          (0): ConvBNActivation(
            (0): Conv2d(40, 120, kernel_size=(1, 1), stride=(1, 1), bias=False)
            (1): BatchNorm2d(120, eps=0.001, momentum=0.01, affine=True, track_running_stats=True)
            (2): ReLU(inplace=True)
          )
          (1): ConvBNActivation(
            (0): Conv2d(120, 120, kernel_size=(5, 5), stride=(1, 1), padding=(2, 2), groups=120, bias=False)
            (1): BatchNorm2d(120, eps=0.001, momentum=0.01, affine=True, track_running_stats=True)
            (2): ReLU(inplace=True)
          )
          (2): SqueezeExcitation(
            (fc1): Conv2d(120, 32, kernel_size=(1, 1), stride=(1, 1))
            (relu): ReLU(inplace=True)
            (fc2): Conv2d(32, 120, kernel_size=(1, 1), stride=(1, 1))
          )
          (3): ConvBNActivation(
            (0): Conv2d(120, 40, kernel_size=(1, 1), stride=(1, 1), bias=False)
            (1): BatchNorm2d(40, eps=0.001, momentum=0.01, affine=True, track_running_stats=True)
            (2): Identity()
          )
        )
      )
      (6): InvertedResidual(
        (block): Sequential(
          (0): ConvBNActivation(
            (0): Conv2d(40, 120, kernel_size=(1, 1), stride=(1, 1), bias=False)
            (1): BatchNorm2d(120, eps=0.001, momentum=0.01, affine=True, track_running_stats=True)
            (2): ReLU(inplace=True)
          )
          (1): ConvBNActivation(
            (0): Conv2d(120, 120, kernel_size=(5, 5), stride=(1, 1), padding=(2, 2), groups=120, bias=False)
            (1): BatchNorm2d(120, eps=0.001, momentum=0.01, affine=True, track_running_stats=True)
            (2): ReLU(inplace=True)
          )
          (2): SqueezeExcitation(
            (fc1): Conv2d(120, 32, kernel_size=(1, 1), stride=(1, 1))
            (relu): ReLU(inplace=True)
            (fc2): Conv2d(32, 120, kernel_size=(1, 1), stride=(1, 1))
          )
          (3): ConvBNActivation(
            (0): Conv2d(120, 40, kernel_size=(1, 1), stride=(1, 1), bias=False)
            (1): BatchNorm2d(40, eps=0.001, momentum=0.01, affine=True, track_running_stats=True)
            (2): Identity()
          )
        )
      )
      (7): InvertedResidual(
        (block): Sequential(
          (0): ConvBNActivation(
            (0): Conv2d(40, 240, kernel_size=(1, 1), stride=(1, 1), bias=False)
            (1): BatchNorm2d(240, eps=0.001, momentum=0.01, affine=True, track_running_stats=True)
            (2): Hardswish()
          )
          (1): ConvBNActivation(
            (0): Conv2d(240, 240, kernel_size=(3, 3), stride=(2, 2), padding=(1, 1), groups=240, bias=False)
            (1): BatchNorm2d(240, eps=0.001, momentum=0.01, affine=True, track_running_stats=True)
            (2): Hardswish()
          )
          (2): ConvBNActivation(
            (0): Conv2d(240, 80, kernel_size=(1, 1), stride=(1, 1), bias=False)
            (1): BatchNorm2d(80, eps=0.001, momentum=0.01, affine=True, track_running_stats=True)
            (2): Identity()
          )
        )
      )
      (8): InvertedResidual(
        (block): Sequential(
          (0): ConvBNActivation(
            (0): Conv2d(80, 200, kernel_size=(1, 1), stride=(1, 1), bias=False)
            (1): BatchNorm2d(200, eps=0.001, momentum=0.01, affine=True, track_running_stats=True)
            (2): Hardswish()
          )
          (1): ConvBNActivation(
            (0): Conv2d(200, 200, kernel_size=(3, 3), stride=(1, 1), padding=(1, 1), groups=200, bias=False)
            (1): BatchNorm2d(200, eps=0.001, momentum=0.01, affine=True, track_running_stats=True)
            (2): Hardswish()
          )
          (2): ConvBNActivation(
            (0): Conv2d(200, 80, kernel_size=(1, 1), stride=(1, 1), bias=False)
            (1): BatchNorm2d(80, eps=0.001, momentum=0.01, affine=True, track_running_stats=True)
            (2): Identity()
          )
        )
      )
      (9): InvertedResidual(
        (block): Sequential(
          (0): ConvBNActivation(
            (0): Conv2d(80, 184, kernel_size=(1, 1), stride=(1, 1), bias=False)
            (1): BatchNorm2d(184, eps=0.001, momentum=0.01, affine=True, track_running_stats=True)
            (2): Hardswish()
          )
          (1): ConvBNActivation(
            (0): Conv2d(184, 184, kernel_size=(3, 3), stride=(1, 1), padding=(1, 1), groups=184, bias=False)
            (1): BatchNorm2d(184, eps=0.001, momentum=0.01, affine=True, track_running_stats=True)
            (2): Hardswish()
          )
          (2): ConvBNActivation(
            (0): Conv2d(184, 80, kernel_size=(1, 1), stride=(1, 1), bias=False)
            (1): BatchNorm2d(80, eps=0.001, momentum=0.01, affine=True, track_running_stats=True)
            (2): Identity()
          )
        )
      )
      (10): InvertedResidual(
        (block): Sequential(
          (0): ConvBNActivation(
            (0): Conv2d(80, 184, kernel_size=(1, 1), stride=(1, 1), bias=False)
            (1): BatchNorm2d(184, eps=0.001, momentum=0.01, affine=True, track_running_stats=True)
            (2): Hardswish()
          )
          (1): ConvBNActivation(
            (0): Conv2d(184, 184, kernel_size=(3, 3), stride=(1, 1), padding=(1, 1), groups=184, bias=False)
            (1): BatchNorm2d(184, eps=0.001, momentum=0.01, affine=True, track_running_stats=True)
            (2): Hardswish()
          )
          (2): ConvBNActivation(
            (0): Conv2d(184, 80, kernel_size=(1, 1), stride=(1, 1), bias=False)
            (1): BatchNorm2d(80, eps=0.001, momentum=0.01, affine=True, track_running_stats=True)
            (2): Identity()
          )
        )
      )
      (11): InvertedResidual(
        (block): Sequential(
          (0): ConvBNActivation(
            (0): Conv2d(80, 480, kernel_size=(1, 1), stride=(1, 1), bias=False)
            (1): BatchNorm2d(480, eps=0.001, momentum=0.01, affine=True, track_running_stats=True)
            (2): Hardswish()
          )
          (1): ConvBNActivation(
            (0): Conv2d(480, 480, kernel_size=(3, 3), stride=(1, 1), padding=(1, 1), groups=480, bias=False)
            (1): BatchNorm2d(480, eps=0.001, momentum=0.01, affine=True, track_running_stats=True)
            (2): Hardswish()
          )
          (2): SqueezeExcitation(
            (fc1): Conv2d(480, 120, kernel_size=(1, 1), stride=(1, 1))
            (relu): ReLU(inplace=True)
            (fc2): Conv2d(120, 480, kernel_size=(1, 1), stride=(1, 1))
          )
          (3): ConvBNActivation(
            (0): Conv2d(480, 112, kernel_size=(1, 1), stride=(1, 1), bias=False)
            (1): BatchNorm2d(112, eps=0.001, momentum=0.01, affine=True, track_running_stats=True)
            (2): Identity()
          )
        )
      )
      (12): InvertedResidual(
        (block): Sequential(
          (0): ConvBNActivation(
            (0): Conv2d(112, 672, kernel_size=(1, 1), stride=(1, 1), bias=False)
            (1): BatchNorm2d(672, eps=0.001, momentum=0.01, affine=True, track_running_stats=True)
            (2): Hardswish()
          )
          (1): ConvBNActivation(
            (0): Conv2d(672, 672, kernel_size=(3, 3), stride=(1, 1), padding=(1, 1), groups=672, bias=False)
            (1): BatchNorm2d(672, eps=0.001, momentum=0.01, affine=True, track_running_stats=True)
            (2): Hardswish()
          )
          (2): SqueezeExcitation(
            (fc1): Conv2d(672, 168, kernel_size=(1, 1), stride=(1, 1))
            (relu): ReLU(inplace=True)
            (fc2): Conv2d(168, 672, kernel_size=(1, 1), stride=(1, 1))
          )
          (3): ConvBNActivation(
            (0): Conv2d(672, 112, kernel_size=(1, 1), stride=(1, 1), bias=False)
            (1): BatchNorm2d(112, eps=0.001, momentum=0.01, affine=True, track_running_stats=True)
            (2): Identity()
          )
        )
      )
      (13): InvertedResidual(
        (block): Sequential(
          (0): ConvBNActivation(
            (0): Conv2d(112, 672, kernel_size=(1, 1), stride=(1, 1), bias=False)
            (1): BatchNorm2d(672, eps=0.001, momentum=0.01, affine=True, track_running_stats=True)
            (2): Hardswish()
          )
          (1): ConvBNActivation(
            (0): Conv2d(672, 672, kernel_size=(5, 5), stride=(2, 2), padding=(2, 2), groups=672, bias=False)
            (1): BatchNorm2d(672, eps=0.001, momentum=0.01, affine=True, track_running_stats=True)
            (2): Hardswish()
          )
          (2): SqueezeExcitation(
            (fc1): Conv2d(672, 168, kernel_size=(1, 1), stride=(1, 1))
            (relu): ReLU(inplace=True)
            (fc2): Conv2d(168, 672, kernel_size=(1, 1), stride=(1, 1))
          )
          (3): ConvBNActivation(
            (0): Conv2d(672, 160, kernel_size=(1, 1), stride=(1, 1), bias=False)
            (1): BatchNorm2d(160, eps=0.001, momentum=0.01, affine=True, track_running_stats=True)
            (2): Identity()
          )
        )
      )
      (14): InvertedResidual(
        (block): Sequential(
          (0): ConvBNActivation(
            (0): Conv2d(160, 960, kernel_size=(1, 1), stride=(1, 1), bias=False)
            (1): BatchNorm2d(960, eps=0.001, momentum=0.01, affine=True, track_running_stats=True)
            (2): Hardswish()
          )
          (1): ConvBNActivation(
            (0): Conv2d(960, 960, kernel_size=(5, 5), stride=(1, 1), padding=(2, 2), groups=960, bias=False)
            (1): BatchNorm2d(960, eps=0.001, momentum=0.01, affine=True, track_running_stats=True)
            (2): Hardswish()
          )
          (2): SqueezeExcitation(
            (fc1): Conv2d(960, 240, kernel_size=(1, 1), stride=(1, 1))
            (relu): ReLU(inplace=True)
            (fc2): Conv2d(240, 960, kernel_size=(1, 1), stride=(1, 1))
          )
          (3): ConvBNActivation(
            (0): Conv2d(960, 160, kernel_size=(1, 1), stride=(1, 1), bias=False)
            (1): BatchNorm2d(160, eps=0.001, momentum=0.01, affine=True, track_running_stats=True)
            (2): Identity()
          )
        )
      )
      (15): InvertedResidual(
        (block): Sequential(
          (0): ConvBNActivation(
            (0): Conv2d(160, 960, kernel_size=(1, 1), stride=(1, 1), bias=False)
            (1): BatchNorm2d(960, eps=0.001, momentum=0.01, affine=True, track_running_stats=True)
            (2): Hardswish()
          )
          (1): ConvBNActivation(
            (0): Conv2d(960, 960, kernel_size=(5, 5), stride=(1, 1), padding=(2, 2), groups=960, bias=False)
            (1): BatchNorm2d(960, eps=0.001, momentum=0.01, affine=True, track_running_stats=True)
            (2): Hardswish()
          )
          (2): SqueezeExcitation(
            (fc1): Conv2d(960, 240, kernel_size=(1, 1), stride=(1, 1))
            (relu): ReLU(inplace=True)
            (fc2): Conv2d(240, 960, kernel_size=(1, 1), stride=(1, 1))
          )
          (3): ConvBNActivation(
            (0): Conv2d(960, 160, kernel_size=(1, 1), stride=(1, 1), bias=False)
            (1): BatchNorm2d(160, eps=0.001, momentum=0.01, affine=True, track_running_stats=True)
            (2): Identity()
          )
        )
      )
      (16): ConvBNActivation(
        (0): Conv2d(160, 960, kernel_size=(1, 1), stride=(1, 1), bias=False)
        (1): BatchNorm2d(960, eps=0.001, momentum=0.01, affine=True, track_running_stats=True)
        (2): Hardswish()
      )
    )
    (avgpool): AdaptiveAvgPool2d(output_size=1)
    (classifier): Sequential(
      (0): Linear(in_features=960, out_features=1280, bias=True)
      (1): Hardswish()
      (2): Dropout(p=0.2, inplace=True)
      (3): Linear(in_features=1280, out_features=23, bias=True)
    )
  )
)
Linear(in_features=1280, out_features=64, bias=True)
file name: mg_catsiam_MobileNetV3_custShopClass_96_100_pairmargin_pair_0.0001_64
>> Epoch 1/100
acc: 48.418/48.418 loss: 0.762
>> Epoch 2/100
acc: 54.567/54.567 loss: 0.570
>> Epoch 3/100
acc: 57.736/57.736 loss: 0.509
>> Epoch 4/100
acc: 59.878/59.878 loss: 0.472
>> Epoch 5/100
acc: 61.789/61.789 loss: 0.444
>> Epoch 6/100
acc: 63.042/63.042 loss: 0.421
>> Epoch 7/100
acc: 64.302/64.302 loss: 0.404
>> Epoch 8/100
acc: 65.354/65.354 loss: 0.387
>> Epoch 9/100
acc: 66.380/66.380 loss: 0.375
>> Epoch 10/100
acc: 66.863/66.863 loss: 0.366
>> Epoch 11/100
acc: 67.641/67.641 loss: 0.356
>> Epoch 12/100
acc: 68.438/68.438 loss: 0.343
>> Epoch 13/100
acc: 68.899/68.899 loss: 0.336
>> Epoch 14/100
acc: 69.414/69.414 loss: 0.329
>> Epoch 15/100
acc: 69.769/69.769 loss: 0.323
>> Epoch 16/100
acc: 70.161/70.161 loss: 0.316
>> Epoch 17/100
acc: 70.951/70.951 loss: 0.308
>> Epoch 18/100
acc: 71.031/71.031 loss: 0.308
>> Epoch 19/100
acc: 71.424/71.424 loss: 0.301
>> Epoch 20/100
acc: 71.752/71.752 loss: 0.298
>> Epoch 21/100
acc: 74.054/74.054 loss: 0.266
>> Epoch 22/100
acc: 74.719/74.719 loss: 0.255
>> Epoch 23/100
acc: 75.003/75.003 loss: 0.252
>> Epoch 24/100
acc: 75.277/75.277 loss: 0.250
>> Epoch 25/100
acc: 75.607/75.607 loss: 0.244
>> Epoch 26/100
acc: 75.830/75.830 loss: 0.240
>> Epoch 27/100
acc: 76.038/76.038 loss: 0.239
>> Epoch 28/100
acc: 76.421/76.421 loss: 0.235
>> Epoch 29/100
acc: 76.458/76.458 loss: 0.233
>> Epoch 30/100
acc: 76.674/76.674 loss: 0.232
>> Epoch 31/100
acc: 76.909/76.909 loss: 0.228
>> Epoch 32/100
acc: 77.120/77.120 loss: 0.228
>> Epoch 33/100
acc: 77.139/77.139 loss: 0.227
>> Epoch 34/100
acc: 77.409/77.409 loss: 0.224
>> Epoch 35/100
acc: 77.567/77.567 loss: 0.221
>> Epoch 36/100
acc: 77.741/77.741 loss: 0.219
>> Epoch 37/100
acc: 77.813/77.813 loss: 0.220
>> Epoch 38/100
acc: 77.970/77.970 loss: 0.217
>> Epoch 39/100
acc: 78.234/78.234 loss: 0.217
>> Epoch 40/100
acc: 78.394/78.394 loss: 0.212
>> Epoch 41/100
acc: 79.765/79.765 loss: 0.196
>> Epoch 42/100
acc: 80.280/80.280 loss: 0.191
>> Epoch 43/100
acc: 80.477/80.477 loss: 0.189
>> Epoch 44/100
acc: 80.576/80.576 loss: 0.188
>> Epoch 45/100
acc: 80.526/80.576 loss: 0.188
>> Epoch 46/100
acc: 80.722/80.722 loss: 0.186
>> Epoch 47/100
acc: 80.884/80.884 loss: 0.184
>> Epoch 48/100
acc: 80.954/80.954 loss: 0.184
>> Epoch 49/100
acc: 81.022/81.022 loss: 0.183
>> Epoch 50/100
acc: 81.187/81.187 loss: 0.181
>> Epoch 51/100
acc: 81.297/81.297 loss: 0.180
>> Epoch 52/100
acc: 81.366/81.366 loss: 0.178
>> Epoch 53/100
acc: 81.500/81.500 loss: 0.177
>> Epoch 54/100
acc: 81.515/81.515 loss: 0.177
>> Epoch 55/100
acc: 81.589/81.589 loss: 0.178
>> Epoch 56/100
acc: 81.762/81.762 loss: 0.176
>> Epoch 57/100
acc: 81.795/81.795 loss: 0.174
>> Epoch 58/100
acc: 81.962/81.962 loss: 0.175
>> Epoch 59/100
acc: 82.024/82.024 loss: 0.174
>> Epoch 60/100
acc: 82.037/82.037 loss: 0.173
>> Epoch 61/100
